<?xml version="1.0" encoding="UTF-8"?>
<!-- Generated by org.testng.reporters.JUnitReportReporter -->
<testsuite skipped="0" hostname="LAPTOP-P8PITMUG" name="TestCases.TC003_ActionsClass" tests="1" failures="0" timestamp="2020-05-27T16:29:22 EDT" time="13.374" errors="0">
  <testcase name="amazonPractice" time="13.374" classname="TestCases.TC003_ActionsClass"/>
</testsuite> <!-- TestCases.TC003_ActionsClass -->
