<?xml version="1.0" encoding="UTF-8"?>
<!-- Generated by org.testng.reporters.JUnitReportReporter -->
<testsuite skipped="0" hostname="LAPTOP-P8PITMUG" name="TestCases.TC005_LinkCount" tests="1" failures="0" timestamp="2020-05-30T14:59:50 EDT" time="42.884" errors="0">
  <testcase name="linkCount" time="42.884" classname="TestCases.TC005_LinkCount"/>
</testsuite> <!-- TestCases.TC005_LinkCount -->
