<?xml version="1.0" encoding="UTF-8"?>
<!-- Generated by org.testng.reporters.JUnitReportReporter -->
<testsuite skipped="0" hostname="LAPTOP-P8PITMUG" name="TestCases.TC004_MultiWindows" tests="1" failures="0" timestamp="2020-05-27T16:29:22 EDT" time="16.165" errors="0">
  <testcase name="multiWindows" time="16.165" classname="TestCases.TC004_MultiWindows"/>
</testsuite> <!-- TestCases.TC004_MultiWindows -->
