<?xml version="1.0" encoding="UTF-8"?>
<!-- Generated by org.testng.reporters.JUnitReportReporter -->
<testsuite skipped="0" hostname="LAPTOP-P8PITMUG" name="TestCases.ajaira" tests="1" failures="0" timestamp="2020-05-27T16:29:22 EDT" time="15.372" errors="0">
  <testcase name="ekkebareajaira" time="15.372" classname="TestCases.ajaira"/>
</testsuite> <!-- TestCases.ajaira -->
