<?xml version="1.0" encoding="UTF-8"?>
<!-- Generated by org.testng.reporters.JUnitReportReporter -->
<testsuite skipped="0" hostname="LAPTOP-P8PITMUG" name="TestCases.TC006_LinkCountRShetty" tests="1" failures="0" timestamp="2020-05-30T16:35:09 EDT" time="49.558" errors="0">
  <testcase name="anotherLinkCount" time="49.558" classname="TestCases.TC006_LinkCountRShetty"/>
</testsuite> <!-- TestCases.TC006_LinkCountRShetty -->
