<?xml version="1.0" encoding="UTF-8"?>
<!-- Generated by org.testng.reporters.JUnitReportReporter -->
<testsuite skipped="0" hostname="LAPTOP-P8PITMUG" name="TestCases.TC004_MultiWindows" tests="1" failures="0" timestamp="2020-05-26T14:38:06 EDT" time="15.080" errors="0">
  <testcase name="multiWindows" time="15.080" classname="TestCases.TC004_MultiWindows"/>
</testsuite> <!-- TestCases.TC004_MultiWindows -->
