<?xml version="1.0" encoding="UTF-8"?>
<!-- Generated by org.testng.reporters.JUnitReportReporter -->
<testsuite skipped="0" hostname="LAPTOP-P8PITMUG" name="TestCases.DigitalPoint" tests="1" failures="0" timestamp="2020-05-30T16:34:07 EDT" time="20.615" errors="0">
  <testcase name="digitalPointPractice" time="20.615" classname="TestCases.DigitalPoint"/>
</testsuite> <!-- TestCases.DigitalPoint -->
