<?xml version="1.0" encoding="UTF-8"?>
<!-- Generated by org.testng.reporters.JUnitReportReporter -->
<testsuite skipped="0" hostname="LAPTOP-P8PITMUG" name="TestCases.Assignment8" tests="1" failures="0" timestamp="2020-05-31T16:32:56 EDT" time="14.016" errors="0">
  <testcase name="assignment" time="14.016" classname="TestCases.Assignment8"/>
</testsuite> <!-- TestCases.Assignment8 -->
