<?xml version="1.0" encoding="UTF-8"?>
<!-- Generated by org.testng.reporters.JUnitReportReporter -->
<testsuite skipped="0" hostname="LAPTOP-P8PITMUG" name="TestCases.Calnder" tests="1" failures="0" timestamp="2020-05-30T17:54:06 EDT" time="14.327" errors="0">
  <testcase name="calenderPractice" time="14.327" classname="TestCases.Calnder"/>
</testsuite> <!-- TestCases.Calnder -->
