<?xml version="1.0" encoding="UTF-8"?>
<!-- Generated by org.testng.reporters.JUnitReportReporter -->
<testsuite skipped="0" hostname="LAPTOP-P8PITMUG" name="TestCases.TC008Sorting" tests="1" failures="0" timestamp="2020-05-31T00:05:28 EDT" time="13.452" errors="0">
  <testcase name="sortingTable" time="13.452" classname="TestCases.TC008Sorting"/>
</testsuite> <!-- TestCases.TC008Sorting -->
