<?xml version="1.0" encoding="UTF-8"?>
<!-- Generated by org.testng.reporters.JUnitReportReporter -->
<testsuite skipped="0" hostname="LAPTOP-P8PITMUG" name="TestCases.ajaira" tests="1" failures="0" timestamp="2020-05-26T14:38:06 EDT" time="13.978" errors="0">
  <testcase name="ekkebareajaira" time="13.978" classname="TestCases.ajaira"/>
</testsuite> <!-- TestCases.ajaira -->
