<?xml version="1.0" encoding="UTF-8"?>
<!-- Generated by org.testng.reporters.JUnitReportReporter -->
<testsuite skipped="0" hostname="LAPTOP-P8PITMUG" name="TestCases.TC001_RS_AddToCart1" tests="1" failures="0" timestamp="2020-05-27T16:29:22 EDT" time="14.310" errors="0">
  <testcase name="addToCart" time="14.310" classname="TestCases.TC001_RS_AddToCart1"/>
</testsuite> <!-- TestCases.TC001_RS_AddToCart1 -->
